Fontconfig warning: "/etc/fonts/conf.d/30-metric-aliases.conf", line 84: Having multiple <family> in <alias> isn't supported and may not work as expected
Fontconfig warning: "/etc/fonts/conf.d/30-metric-aliases.conf", line 84: Having multiple <family> in <alias> isn't supported and may not work as expected
Fontconfig warning: "/etc/fonts/conf.d/30-metric-aliases.conf", line 93: Having multiple <family> in <alias> isn't supported and may not work as expected
Fontconfig warning: "/etc/fonts/conf.d/30-metric-aliases.conf", line 93: Having multiple <family> in <alias> isn't supported and may not work as expected
Fontconfig warning: "/etc/fonts/conf.d/30-metric-aliases.conf", line 102: Having multiple <family> in <alias> isn't supported and may not work as expected
Fontconfig warning: "/etc/fonts/conf.d/30-metric-aliases.conf", line 102: Having multiple <family> in <alias> isn't supported and may not work as expected
Fontconfig warning: "/etc/fonts/conf.d/40-nonlatin.conf", line 34: Having multiple <family> in <alias> isn't supported and may not work as expected
Fontconfig warning: "/etc/fonts/conf.d/40-nonlatin.conf", line 34: Having multiple <family> in <alias> isn't supported and may not work as expected
Fontconfig warning: "/etc/fonts/conf.d/40-nonlatin.conf", line 34: Having multiple <family> in <alias> isn't supported and may not work as expected
Fontconfig warning: "/etc/fonts/conf.d/40-nonlatin.conf", line 34: Having multiple <family> in <alias> isn't supported and may not work as expected
Fontconfig warning: "/etc/fonts/conf.d/40-nonlatin.conf", line 34: Having multiple <family> in <alias> isn't supported and may not work as expected
Fontconfig warning: "/etc/fonts/conf.d/40-nonlatin.conf", line 34: Having multiple <family> in <alias> isn't supported and may not work as expected
Fontconfig warning: "/etc/fonts/conf.d/40-nonlatin.conf", line 34: Having multiple <family> in <alias> isn't supported and may not work as expected
Fontconfig warning: "/etc/fonts/conf.d/40-nonlatin.conf", line 34: Having multiple <family> in <alias> isn't supported and may not work as expected
Fontconfig warning: "/etc/fonts/conf.d/40-nonlatin.conf", line 34: Having multiple <family> in <alias> isn't supported and may not work as expected
Fontconfig warning: "/etc/fonts/conf.d/40-nonlatin.conf", line 34: Having multiple <family> in <alias> isn't supported and may not work as expected
Fontconfig warning: "/etc/fonts/conf.d/40-nonlatin.conf", line 34: Having multiple <family> in <alias> isn't supported and may not work as expected
Fontconfig warning: "/etc/fonts/conf.d/40-nonlatin.conf", line 34: Having multiple <family> in <alias> isn't supported and may not work as expected
Fontconfig warning: "/etc/fonts/conf.d/40-nonlatin.conf", line 34: Having multiple <family> in <alias> isn't supported and may not work as expected
Fontconfig warning: "/etc/fonts/conf.d/40-nonlatin.conf", line 34: Having multiple <family> in <alias> isn't supported and may not work as expected
Fontconfig warning: "/etc/fonts/conf.d/40-nonlatin.conf", line 34: Having multiple <family> in <alias> isn't supported and may not work as expected
Fontconfig warning: "/etc/fonts/conf.d/40-nonlatin.conf", line 34: Having multiple <family> in <alias> isn't supported and may not work as expected
Fontconfig warning: "/etc/fonts/conf.d/40-nonlatin.conf", line 34: Having multiple <family> in <alias> isn't supported and may not work as expected
Fontconfig warning: "/etc/fonts/conf.d/40-nonlatin.conf", line 34: Having multiple <family> in <alias> isn't supported and may not work as expected
Fontconfig warning: "/etc/fonts/conf.d/40-nonlatin.conf", line 34: Having multiple <family> in <alias> isn't supported and may not work as expected
Fontconfig warning: "/etc/fonts/conf.d/40-nonlatin.conf", line 63: Having multiple <family> in <alias> isn't supported and may not work as expected
Fontconfig warning: "/etc/fonts/conf.d/40-nonlatin.conf", line 63: Having multiple <family> in <alias> isn't supported and may not work as expected
Fontconfig warning: "/etc/fonts/conf.d/40-nonlatin.conf", line 63: Having multiple <family> in <alias> isn't supported and may not work as expected
Fontconfig warning: "/etc/fonts/conf.d/40-nonlatin.conf", line 63: Having multiple <family> in <alias> isn't supported and may not work as expected
Fontconfig warning: "/etc/fonts/conf.d/40-nonlatin.conf", line 63: Having multiple <family> in <alias> isn't supported and may not work as expected
Fontconfig warning: "/etc/fonts/conf.d/40-nonlatin.conf", line 63: Having multiple <family> in <alias> isn't supported and may not work as expected
Fontconfig warning: "/etc/fonts/conf.d/40-nonlatin.conf", line 63: Having multiple <family> in <alias> isn't supported and may not work as expected
Fontconfig warning: "/etc/fonts/conf.d/40-nonlatin.conf", line 63: Having multiple <family> in <alias> isn't supported and may not work as expected
Fontconfig warning: "/etc/fonts/conf.d/40-nonlatin.conf", line 63: Having multiple <family> in <alias> isn't supported and may not work as expected
Fontconfig warning: "/etc/fonts/conf.d/40-nonlatin.conf", line 63: Having multiple <family> in <alias> isn't supported and may not work as expected
Fontconfig warning: "/etc/fonts/conf.d/40-nonlatin.conf", line 63: Having multiple <family> in <alias> isn't supported and may not work as expected
Fontconfig warning: "/etc/fonts/conf.d/40-nonlatin.conf", line 63: Having multiple <family> in <alias> isn't supported and may not work as expected
Fontconfig warning: "/etc/fonts/conf.d/40-nonlatin.conf", line 63: Having multiple <family> in <alias> isn't supported and may not work as expected
Fontconfig warning: "/etc/fonts/conf.d/40-nonlatin.conf", line 63: Having multiple <family> in <alias> isn't supported and may not work as expected
Fontconfig warning: "/etc/fonts/conf.d/40-nonlatin.conf", line 63: Having multiple <family> in <alias> isn't supported and may not work as expected
Fontconfig warning: "/etc/fonts/conf.d/40-nonlatin.conf", line 63: Having multiple <family> in <alias> isn't supported and may not work as expected
Fontconfig warning: "/etc/fonts/conf.d/40-nonlatin.conf", line 63: Having multiple <family> in <alias> isn't supported and may not work as expected
Fontconfig warning: "/etc/fonts/conf.d/40-nonlatin.conf", line 63: Having multiple <family> in <alias> isn't supported and may not work as expected
Fontconfig warning: "/etc/fonts/conf.d/40-nonlatin.conf", line 63: Having multiple <family> in <alias> isn't supported and may not work as expected
Fontconfig warning: "/etc/fonts/conf.d/40-nonlatin.conf", line 63: Having multiple <family> in <alias> isn't supported and may not work as expected
Fontconfig warning: "/etc/fonts/conf.d/40-nonlatin.conf", line 63: Having multiple <family> in <alias> isn't supported and may not work as expected
Fontconfig warning: "/etc/fonts/conf.d/40-nonlatin.conf", line 63: Having multiple <family> in <alias> isn't supported and may not work as expected
Fontconfig warning: "/etc/fonts/conf.d/40-nonlatin.conf", line 73: Having multiple <family> in <alias> isn't supported and may not work as expected
Fontconfig warning: "/etc/fonts/conf.d/40-nonlatin.conf", line 73: Having multiple <family> in <alias> isn't supported and may not work as expected
Fontconfig warning: "/etc/fonts/conf.d/40-nonlatin.conf", line 73: Having multiple <family> in <alias> isn't supported and may not work as expected
Fontconfig warning: "/etc/fonts/conf.d/40-nonlatin.conf", line 84: Having multiple <family> in <alias> isn't supported and may not work as expected
Fontconfig warning: "/etc/fonts/conf.d/40-nonlatin.conf", line 84: Having multiple <family> in <alias> isn't supported and may not work as expected
Fontconfig warning: "/etc/fonts/conf.d/40-nonlatin.conf", line 84: Having multiple <family> in <alias> isn't supported and may not work as expected
Fontconfig warning: "/etc/fonts/conf.d/40-nonlatin.conf", line 93: Having multiple <family> in <alias> isn't supported and may not work as expected
Fontconfig warning: "/etc/fonts/conf.d/45-latin.conf", line 23: Having multiple <family> in <alias> isn't supported and may not work as expected
Fontconfig warning: "/etc/fonts/conf.d/45-latin.conf", line 23: Having multiple <family> in <alias> isn't supported and may not work as expected
Fontconfig warning: "/etc/fonts/conf.d/45-latin.conf", line 23: Having multiple <family> in <alias> isn't supported and may not work as expected
Fontconfig warning: "/etc/fonts/conf.d/45-latin.conf", line 23: Having multiple <family> in <alias> isn't supported and may not work as expected
Fontconfig warning: "/etc/fonts/conf.d/45-latin.conf", line 23: Having multiple <family> in <alias> isn't supported and may not work as expected
Fontconfig warning: "/etc/fonts/conf.d/45-latin.conf", line 23: Having multiple <family> in <alias> isn't supported and may not work as expected
Fontconfig warning: "/etc/fonts/conf.d/45-latin.conf", line 23: Having multiple <family> in <alias> isn't supported and may not work as expected
Fontconfig warning: "/etc/fonts/conf.d/45-latin.conf", line 23: Having multiple <family> in <alias> isn't supported and may not work as expected
Fontconfig warning: "/etc/fonts/conf.d/45-latin.conf", line 39: Having multiple <family> in <alias> isn't supported and may not work as expected
Fontconfig warning: "/etc/fonts/conf.d/45-latin.conf", line 39: Having multiple <family> in <alias> isn't supported and may not work as expected
Fontconfig warning: "/etc/fonts/conf.d/45-latin.conf", line 39: Having multiple <family> in <alias> isn't supported and may not work as expected
Fontconfig warning: "/etc/fonts/conf.d/45-latin.conf", line 39: Having multiple <family> in <alias> isn't supported and may not work as expected
Fontconfig warning: "/etc/fonts/conf.d/45-latin.conf", line 39: Having multiple <family> in <alias> isn't supported and may not work as expected
Fontconfig warning: "/etc/fonts/conf.d/45-latin.conf", line 39: Having multiple <family> in <alias> isn't supported and may not work as expected
Fontconfig warning: "/etc/fonts/conf.d/45-latin.conf", line 39: Having multiple <family> in <alias> isn't supported and may not work as expected
Fontconfig warning: "/etc/fonts/conf.d/45-latin.conf", line 39: Having multiple <family> in <alias> isn't supported and may not work as expected
Fontconfig warning: "/etc/fonts/conf.d/45-latin.conf", line 39: Having multiple <family> in <alias> isn't supported and may not work as expected
Fontconfig warning: "/etc/fonts/conf.d/45-latin.conf", line 56: Having multiple <family> in <alias> isn't supported and may not work as expected
Fontconfig warning: "/etc/fonts/conf.d/45-latin.conf", line 56: Having multiple <family> in <alias> isn't supported and may not work as expected
Fontconfig warning: "/etc/fonts/conf.d/45-latin.conf", line 56: Having multiple <family> in <alias> isn't supported and may not work as expected
Fontconfig warning: "/etc/fonts/conf.d/45-latin.conf", line 56: Having multiple <family> in <alias> isn't supported and may not work as expected
Fontconfig warning: "/etc/fonts/conf.d/45-latin.conf", line 56: Having multiple <family> in <alias> isn't supported and may not work as expected
Fontconfig warning: "/etc/fonts/conf.d/45-latin.conf", line 56: Having multiple <family> in <alias> isn't supported and may not work as expected
Fontconfig warning: "/etc/fonts/conf.d/45-latin.conf", line 56: Having multiple <family> in <alias> isn't supported and may not work as expected
Fontconfig warning: "/etc/fonts/conf.d/45-latin.conf", line 56: Having multiple <family> in <alias> isn't supported and may not work as expected
Fontconfig warning: "/etc/fonts/conf.d/45-latin.conf", line 56: Having multiple <family> in <alias> isn't supported and may not work as expected
Fontconfig warning: "/etc/fonts/conf.d/45-latin.conf", line 56: Having multiple <family> in <alias> isn't supported and may not work as expected
Fontconfig warning: "/etc/fonts/conf.d/45-latin.conf", line 66: Having multiple <family> in <alias> isn't supported and may not work as expected
Fontconfig warning: "/etc/fonts/conf.d/45-latin.conf", line 66: Having multiple <family> in <alias> isn't supported and may not work as expected
Fontconfig warning: "/etc/fonts/conf.d/45-latin.conf", line 66: Having multiple <family> in <alias> isn't supported and may not work as expected
Fontconfig warning: "/etc/fonts/conf.d/45-latin.conf", line 75: Having multiple <family> in <alias> isn't supported and may not work as expected
Fontconfig warning: "/etc/fonts/conf.d/45-latin.conf", line 75: Having multiple <family> in <alias> isn't supported and may not work as expected
Fontconfig error: "/etc/fonts/conf.d/65-khmer.conf", line 14: out of memory
Fontconfig error: "/etc/fonts/conf.d/65-khmer.conf", line 23: out of memory
Fontconfig error: "/etc/fonts/conf.d/65-khmer.conf", line 32: out of memory
Fontconfig warning: "/etc/fonts/conf.d/89-tlwg-garuda-synthetic.conf", line 9: Having multiple values in <test> isn't supported and may not work as expected
Fontconfig warning: "/etc/fonts/conf.d/89-tlwg-garuda-synthetic.conf", line 21: Having multiple values in <test> isn't supported and may not work as expected
Fontconfig warning: "/etc/fonts/conf.d/89-tlwg-kinnari-synthetic.conf", line 9: Having multiple values in <test> isn't supported and may not work as expected
Fontconfig warning: "/etc/fonts/conf.d/89-tlwg-kinnari-synthetic.conf", line 21: Having multiple values in <test> isn't supported and may not work as expected
Fontconfig warning: "/etc/fonts/conf.d/89-tlwg-loma-synthetic.conf", line 12: Having multiple values in <test> isn't supported and may not work as expected
Fontconfig warning: "/etc/fonts/conf.d/89-tlwg-umpush-synthetic.conf", line 9: Having multiple values in <test> isn't supported and may not work as expected
Fontconfig warning: "/etc/fonts/conf.d/89-tlwg-umpush-synthetic.conf", line 21: Having multiple values in <test> isn't supported and may not work as expected
Fontconfig warning: "/etc/fonts/conf.d/90-fonts-nanum-coding.conf", line 10: Having multiple values in <test> isn't supported and may not work as expected
Fontconfig warning: "/etc/fonts/conf.d/90-fonts-nanum-coding.conf", line 22: Having multiple values in <test> isn't supported and may not work as expected
Fontconfig warning: "/etc/fonts/conf.d/90-fonts-nanum.conf", line 9: Having multiple values in <test> isn't supported and may not work as expected
Fontconfig warning: "/etc/fonts/conf.d/90-fonts-nanum.conf", line 22: Having multiple <family> in <alias> isn't supported and may not work as expected
Fontconfig warning: "/etc/fonts/conf.d/90-fonts-nanum.conf", line 22: Having multiple <family> in <alias> isn't supported and may not work as expected
Fontconfig warning: "/etc/fonts/conf.d/90-fonts-nanum.conf", line 22: Having multiple <family> in <alias> isn't supported and may not work as expected
Fontconfig warning: "/etc/fonts/conf.d/90-fonts-nanum.conf", line 26: Having multiple <family> in <alias> isn't supported and may not work as expected
Fontconfig warning: "/etc/fonts/conf.d/90-fonts-nanum.conf", line 31: Having multiple values in <test> isn't supported and may not work as expected
Fontconfig warning: "/etc/fonts/conf.d/90-fonts-nanum.conf", line 40: Having multiple values in <test> isn't supported and may not work as expected
Fontconfig warning: "/etc/fonts/conf.d/90-fonts-unfonts-core.conf", line 11: Having multiple values in <test> isn't supported and may not work as expected
/usr/share/fonts: skipping, existing cache is valid: 0 fonts, 4 dirs
/usr/share/fonts/X11: skipping, existing cache is valid: 0 fonts, 4 dirs
/usr/share/fonts/X11/Type1: skipping, existing cache is valid: 9 fonts, 0 dirs
/usr/share/fonts/X11/encodings: skipping, existing cache is valid: 0 fonts, 1 dirs
/usr/share/fonts/X11/encodings/large: skipping, existing cache is valid: 0 fonts, 0 dirs
/usr/share/fonts/X11/misc: skipping, existing cache is valid: 59 fonts, 0 dirs
/usr/share/fonts/X11/util: skipping, existing cache is valid: 0 fonts, 0 dirs
/usr/share/fonts/cmap: skipping, existing cache is valid: 0 fonts, 3 dirs
/usr/share/fonts/cmap/adobe-japan2: skipping, existing cache is valid: 0 fonts, 0 dirs
/usr/share/fonts/cmap/adobe-korea1: skipping, existing cache is valid: 0 fonts, 0 dirs
/usr/share/fonts/cmap/gs-cjk-resource: skipping, existing cache is valid: 0 fonts, 0 dirs
/usr/share/fonts/truetype: skipping, existing cache is valid: 1 fonts, 18 dirs
/usr/share/fonts/truetype/dejavu: skipping, existing cache is valid: 6 fonts, 0 dirs
/usr/share/fonts/truetype/freefont: skipping, existing cache is valid: 13 fonts, 0 dirs
/usr/share/fonts/truetype/kacst: skipping, existing cache is valid: 15 fonts, 0 dirs
/usr/share/fonts/truetype/kacst-one: skipping, existing cache is valid: 2 fonts, 0 dirs
/usr/share/fonts/truetype/lao: skipping, existing cache is valid: 1 fonts, 0 dirs
/usr/share/fonts/truetype/liberation: skipping, existing cache is valid: 16 fonts, 0 dirs
/usr/share/fonts/truetype/nanum: skipping, existing cache is valid: 4 fonts, 0 dirs
/usr/share/fonts/truetype/nanum-coding: skipping, existing cache is valid: 2 fonts, 0 dirs
/usr/share/fonts/truetype/openoffice: skipping, existing cache is valid: 1 fonts, 0 dirs
/usr/share/fonts/truetype/takao-gothic: skipping, existing cache is valid: 1 fonts, 0 dirs
/usr/share/fonts/truetype/tlwg: skipping, existing cache is valid: 54 fonts, 0 dirs
/usr/share/fonts/truetype/ttf-dejavu: skipping, existing cache is valid: 6 fonts, 0 dirs
/usr/share/fonts/truetype/ttf-indic-fonts-core: skipping, existing cache is valid: 17 fonts, 0 dirs
/usr/share/fonts/truetype/ttf-khmeros-core: skipping, existing cache is valid: 2 fonts, 0 dirs
/usr/share/fonts/truetype/ttf-punjabi-fonts: skipping, existing cache is valid: 2 fonts, 0 dirs
/usr/share/fonts/truetype/ubuntu-font-family: skipping, existing cache is valid: 11 fonts, 0 dirs
/usr/share/fonts/truetype/unfonts-core: skipping, existing cache is valid: 12 fonts, 0 dirs
/usr/share/fonts/truetype/wqy: skipping, existing cache is valid: 2 fonts, 0 dirs
/usr/share/fonts/type1: skipping, existing cache is valid: 0 fonts, 2 dirs
/usr/share/fonts/type1/gsfonts: skipping, existing cache is valid: 35 fonts, 0 dirs
/usr/share/fonts/type1/mathml: skipping, existing cache is valid: 1 fonts, 0 dirs
/usr/X11R6/lib/X11/fonts: skipping, no such directory
/usr/local/share/fonts: skipping, existing cache is valid: 0 fonts, 0 dirs
/var/cache/fontconfig: cleaning cache directory
/var/cache/fontconfig: invalid cache file: d82eb4fd963d448e2fcb7d7b793b5df3-le32d4.cache-3
/var/cache/fontconfig: invalid cache file: 99e8ed0e538f840c565b6ed5dad60d56-le32d4.cache-3
/var/cache/fontconfig: invalid cache file: 57e423e26b20ab21d0f2f29c145174c3-le32d4.cache-3
/var/cache/fontconfig: invalid cache file: 2cd17615ca594fa2959ae173292e504c-le32d4.cache-3
/var/cache/fontconfig: invalid cache file: 0d8c3b2ac0904cb8a57a757ad11a4a08-le32d4.cache-3
/var/cache/fontconfig: invalid cache file: d52a8644073d54c13679302ca1180695-le32d4.cache-3
/var/cache/fontconfig: invalid cache file: b9d506c9ac06c20b433354fa67a72993-le32d4.cache-3
/var/cache/fontconfig: invalid cache file: e52a45a1c8c8fe895fc0fc8c4e6999b8-le32d4.cache-3
/var/cache/fontconfig: invalid cache file: fe547fea3a41b43a38975d292a2b19c7-le32d4.cache-3
/var/cache/fontconfig: invalid cache file: 4794a0821666d79190d59a36cb4f44b5-le32d4.cache-3
/var/cache/fontconfig: invalid cache file: 04aabc0a78ac019cf9454389977116d2-le32d4.cache-3
/var/cache/fontconfig: invalid cache file: 4c599c202bc5c08e2d34565a40eac3b2-le32d4.cache-3
/var/cache/fontconfig: invalid cache file: b47c4e1ecd0709278f4910c18777a504-le32d4.cache-3
/var/cache/fontconfig: invalid cache file: 707971e003b4ae6c8121c3a920e507f5-le32d4.cache-3
/var/cache/fontconfig: invalid cache file: 3047814df9a2f067bd2d96a2b9c36e5a-le32d4.cache-3
/var/cache/fontconfig: invalid cache file: 3830d5c3ddfd5cd38a049b759396e72e-le32d4.cache-3
/var/cache/fontconfig: invalid cache file: 385c0604a188198f04d133e54aba7fe7-le32d4.cache-3
/var/cache/fontconfig: invalid cache file: e13b20fdb08344e0e664864cc2ede53d-le32d4.cache-3
/var/cache/fontconfig: invalid cache file: 6d41288fd70b0be22e8c3a91e032eec0-le32d4.cache-3
/var/cache/fontconfig: invalid cache file: 15dd9cd3d124d3de2d4110f6dde97c23-le32d4.cache-3
/var/cache/fontconfig: invalid cache file: c855463f699352c367813e37f3f70ea7-le32d4.cache-3
/var/cache/fontconfig: invalid cache file: 6333f38776742d18e214673cd2c24e34-le32d4.cache-3
/var/cache/fontconfig: invalid cache file: e7071f4a29fa870f4323321c154eba04-le32d4.cache-3
/var/cache/fontconfig: invalid cache file: 7ef2298fde41cc6eeb7af42e48b7d293-le32d4.cache-3
/var/cache/fontconfig: invalid cache file: 8801497958630a81b71ace7c5f9b32a8-le32d4.cache-3
/var/cache/fontconfig: invalid cache file: a755afe4a08bf5b97852ceb7400b47bc-le32d4.cache-3
/var/cache/fontconfig: invalid cache file: 188ac73a183f12857f63bb60a4a6d603-le32d4.cache-3
/var/cache/fontconfig: invalid cache file: 945677eb7aeaf62f1d50efc3fb3ec7d8-le32d4.cache-3
/var/cache/fontconfig: invalid cache file: c05880de57d1f5e948fdfacc138775d9-le32d4.cache-3
/var/cache/fontconfig: invalid cache file: a6d8cf8e4ec09cdbc8633c31745a07dd-le32d4.cache-3
/var/cache/fontconfig: invalid cache file: 56cf4f4769d0f4abc89a4895d7bd3ae1-le32d4.cache-3
/var/cache/fontconfig: invalid cache file: ecbfc93421cac4646e0c7fe4210510c2-le32d4.cache-3
/var/cache/fontconfig: invalid cache file: cabbd14511b9e8a55e92af97fb3a0461-le32d4.cache-3
fc-cache: succeeded
